<?xml version="1.0" encoding="UTF-8" ?>
<testsuite tests="4" failures="0" name="GameTest" time="0.601" errors="0" skipped="0">
  <properties>
[...]
</properties>
  <testcase classname="GameTest" name="InitialShouldMatchConstructorArgument" time="0.509"/>
  <testcase classname="GameTest" name="ShouldCharacterMoveLeft" time="0.038"/>
  <testcase classname="GameTest" name="ShouldCharacterMoveRight" time="0.032"/>
  <testcase classname="GameTest" name="ShouldCharacterMoveUpper" time="0.022"/>
</testsuite>